[MASTER] 15:25:57.982 [Thread-4] ERROR ClientNodeImpl - Cannot inform master of change of state
java.rmi.ServerException: RemoteException occurred in server thread; nested exception is: 
	java.rmi.UnmarshalException: error unmarshalling arguments; nested exception is: 
	java.io.OptionalDataException
	at sun.rmi.server.UnicastServerRef.dispatch(UnicastServerRef.java:389)
	at sun.rmi.transport.Transport$1.run(Transport.java:200)
	at sun.rmi.transport.Transport$1.run(Transport.java:197)
	at java.security.AccessController.doPrivileged(Native Method)
	at sun.rmi.transport.Transport.serviceCall(Transport.java:196)
	at sun.rmi.transport.tcp.TCPTransport.handleMessages(TCPTransport.java:568)
	at sun.rmi.transport.tcp.TCPTransport$ConnectionHandler.run0(TCPTransport.java:826)
	at sun.rmi.transport.tcp.TCPTransport$ConnectionHandler.lambda$run$0(TCPTransport.java:683)
	at java.security.AccessController.doPrivileged(Native Method)
	at sun.rmi.transport.tcp.TCPTransport$ConnectionHandler.run(TCPTransport.java:682)
	at java.util.concurrent.ThreadPoolExecutor.runWorker(ThreadPoolExecutor.java:1149)
	at java.util.concurrent.ThreadPoolExecutor$Worker.run(ThreadPoolExecutor.java:624)
	at java.lang.Thread.run(Thread.java:748)
	at sun.rmi.transport.StreamRemoteCall.exceptionReceivedFromServer(StreamRemoteCall.java:283)
	at sun.rmi.transport.StreamRemoteCall.executeCall(StreamRemoteCall.java:260)
	at sun.rmi.server.UnicastRef.invoke(UnicastRef.java:161)
	at java.rmi.server.RemoteObjectInvocationHandler.invokeRemoteMethod(RemoteObjectInvocationHandler.java:227)
	at java.rmi.server.RemoteObjectInvocationHandler.invoke(RemoteObjectInvocationHandler.java:179)
	at com.sun.proxy.$Proxy7.evosuite_collectStatistics(Unknown Source)
	at org.evosuite.rmi.service.ClientNodeImpl.updateStatistics(ClientNodeImpl.java:237)
	at org.evosuite.statistics.StatisticsSender.sendIndividualToMaster(StatisticsSender.java:68)
	at org.evosuite.statistics.StatisticsListener$1.run(StatisticsListener.java:71)
Caused by: java.rmi.UnmarshalException: error unmarshalling arguments; nested exception is: 
	java.io.OptionalDataException
	at sun.rmi.server.UnicastServerRef.dispatch(UnicastServerRef.java:348)
	at sun.rmi.transport.Transport$1.run(Transport.java:200)
	at sun.rmi.transport.Transport$1.run(Transport.java:197)
	at java.security.AccessController.doPrivileged(Native Method)
	at sun.rmi.transport.Transport.serviceCall(Transport.java:196)
	at sun.rmi.transport.tcp.TCPTransport.handleMessages(TCPTransport.java:568)
	at sun.rmi.transport.tcp.TCPTransport$ConnectionHandler.run0(TCPTransport.java:826)
	at sun.rmi.transport.tcp.TCPTransport$ConnectionHandler.lambda$run$0(TCPTransport.java:683)
	at java.security.AccessController.doPrivileged(Native Method)
	at sun.rmi.transport.tcp.TCPTransport$ConnectionHandler.run(TCPTransport.java:682)
	at java.util.concurrent.ThreadPoolExecutor.runWorker(ThreadPoolExecutor.java:1149)
	at java.util.concurrent.ThreadPoolExecutor$Worker.run(ThreadPoolExecutor.java:624)
	at java.lang.Thread.run(Thread.java:748)
Caused by: java.io.OptionalDataException: null
	at java.io.ObjectInputStream.readObject0(ObjectInputStream.java:1588)
	at java.io.ObjectInputStream.readObject(ObjectInputStream.java:428)
	at java.util.HashMap.readObject(HashMap.java:1407)
	at sun.reflect.GeneratedMethodAccessor7.invoke(Unknown Source)
	at sun.reflect.DelegatingMethodAccessorImpl.invoke(DelegatingMethodAccessorImpl.java:43)
	at java.lang.reflect.Method.invoke(Method.java:498)
	at java.io.ObjectStreamClass.invokeReadObject(ObjectStreamClass.java:1158)
	at java.io.ObjectInputStream.readSerialData(ObjectInputStream.java:2173)
	at java.io.ObjectInputStream.readOrdinaryObject(ObjectInputStream.java:2064)
	at java.io.ObjectInputStream.readObject0(ObjectInputStream.java:1568)
	at java.io.ObjectInputStream.defaultReadFields(ObjectInputStream.java:2282)
	at java.io.ObjectInputStream.readSerialData(ObjectInputStream.java:2206)
	at java.io.ObjectInputStream.readOrdinaryObject(ObjectInputStream.java:2064)
	at java.io.ObjectInputStream.readObject0(ObjectInputStream.java:1568)
	at java.io.ObjectInputStream.readObject(ObjectInputStream.java:428)
	at java.util.HashMap.readObject(HashMap.java:1407)
	at sun.reflect.GeneratedMethodAccessor7.invoke(Unknown Source)
	at sun.reflect.DelegatingMethodAccessorImpl.invoke(DelegatingMethodAccessorImpl.java:43)
	at java.lang.reflect.Method.invoke(Method.java:498)
	at java.io.ObjectStreamClass.invokeReadObject(ObjectStreamClass.java:1158)
	at java.io.ObjectInputStream.readSerialData(ObjectInputStream.java:2173)
	at java.io.ObjectInputStream.readOrdinaryObject(ObjectInputStream.java:2064)
	at java.io.ObjectInputStream.readObject0(ObjectInputStream.java:1568)
	at java.io.ObjectInputStream.defaultReadFields(ObjectInputStream.java:2282)
	at java.io.ObjectInputStream.readSerialData(ObjectInputStream.java:2206)
	at java.io.ObjectInputStream.readOrdinaryObject(ObjectInputStream.java:2064)
	at java.io.ObjectInputStream.readObject0(ObjectInputStream.java:1568)
	at java.io.ObjectInputStream.readObject(ObjectInputStream.java:428)
	at sun.rmi.server.UnicastRef.unmarshalValue(UnicastRef.java:322)
	at sun.rmi.server.UnicastServerRef.unmarshalParametersUnchecked(UnicastServerRef.java:628)
	at sun.rmi.server.UnicastServerRef.unmarshalParameters(UnicastServerRef.java:616)
	at sun.rmi.server.UnicastServerRef.dispatch(UnicastServerRef.java:339)
	... 12 common frames omitted
